1559376550947	mozrunner::runner	INFO	Running command: "/Applications/Firefox.app/Contents/MacOS/firefox-bin" "-marionette" "-foreground" "-no-remote" "-profile" "/var/folders/q2/g9qjkcd965l63y1mb9sr04s80000gp/T/rust_mozprofile.szLiLO6BZ34e"
1559376551867	addons.webextension.screenshots@mozilla.org	WARN	Loading extension 'screenshots@mozilla.org': Reading manifest: Invalid extension permission: mozillaAddons
1559376551868	addons.webextension.screenshots@mozilla.org	WARN	Loading extension 'screenshots@mozilla.org': Reading manifest: Invalid extension permission: resource://pdf.js/
1559376551868	addons.webextension.screenshots@mozilla.org	WARN	Loading extension 'screenshots@mozilla.org': Reading manifest: Invalid extension permission: about:reader*
1559376554407	Marionette	INFO	Listening on port 52066
1559376554470	Marionette	WARN	TLS certificate errors will be ignored for this session
JavaScript error: https://deepknow.egoid.me/timeStamp?t=1559376557772&callback=geetest_1559376564501, line 1: SyntaxError: unexpected token: ':'
Exiting due to channel error.
Exiting due to channel error.
[GFX1-]: Receive IPC close with reason=AbnormalShutdown
Exiting due to channel error.
1559376957600	mozrunner::runner	INFO	Running command: "/Applications/Firefox.app/Contents/MacOS/firefox-bin" "-marionette" "-foreground" "-no-remote" "-profile" "/var/folders/q2/g9qjkcd965l63y1mb9sr04s80000gp/T/rust_mozprofile.yqJqtiemsnY5"
1559376958553	addons.webextension.screenshots@mozilla.org	WARN	Loading extension 'screenshots@mozilla.org': Reading manifest: Invalid extension permission: mozillaAddons
1559376958554	addons.webextension.screenshots@mozilla.org	WARN	Loading extension 'screenshots@mozilla.org': Reading manifest: Invalid extension permission: resource://pdf.js/
1559376958554	addons.webextension.screenshots@mozilla.org	WARN	Loading extension 'screenshots@mozilla.org': Reading manifest: Invalid extension permission: about:reader*
1559376961293	Marionette	INFO	Listening on port 53948
1559376961301	Marionette	WARN	TLS certificate errors will be ignored for this session
JavaScript error: https://deepknow.egoid.me/timeStamp?t=1559376964391&callback=geetest_1559376967216, line 1: SyntaxError: unexpected token: ':'
Exiting due to channel error.
Exiting due to channel error.
Exiting due to channel error.
1559385281969	mozrunner::runner	INFO	Running command: "/Applications/Firefox.app/Contents/MacOS/firefox-bin" "-marionette" "-foreground" "-no-remote" "-profile" "/var/folders/q2/g9qjkcd965l63y1mb9sr04s80000gp/T/rust_mozprofile.x4ZA5stl26rw"
1559385282842	addons.webextension.screenshots@mozilla.org	WARN	Loading extension 'screenshots@mozilla.org': Reading manifest: Invalid extension permission: mozillaAddons
1559385282842	addons.webextension.screenshots@mozilla.org	WARN	Loading extension 'screenshots@mozilla.org': Reading manifest: Invalid extension permission: resource://pdf.js/
1559385282842	addons.webextension.screenshots@mozilla.org	WARN	Loading extension 'screenshots@mozilla.org': Reading manifest: Invalid extension permission: about:reader*
1559385285241	Marionette	INFO	Listening on port 53552
1559385285284	Marionette	WARN	TLS certificate errors will be ignored for this session
1559385384352	mozrunner::runner	INFO	Running command: "/Applications/Firefox.app/Contents/MacOS/firefox-bin" "-marionette" "-foreground" "-no-remote" "-profile" "/var/folders/q2/g9qjkcd965l63y1mb9sr04s80000gp/T/rust_mozprofile.7QT2taBZFXsz"
1559385385101	addons.webextension.screenshots@mozilla.org	WARN	Loading extension 'screenshots@mozilla.org': Reading manifest: Invalid extension permission: mozillaAddons
1559385385102	addons.webextension.screenshots@mozilla.org	WARN	Loading extension 'screenshots@mozilla.org': Reading manifest: Invalid extension permission: resource://pdf.js/
1559385385102	addons.webextension.screenshots@mozilla.org	WARN	Loading extension 'screenshots@mozilla.org': Reading manifest: Invalid extension permission: about:reader*
1559385387261	Marionette	INFO	Listening on port 54058
1559385387333	Marionette	WARN	TLS certificate errors will be ignored for this session
JavaScript error: https://deepknow.egoid.me/timeStamp?t=1559385389778&callback=geetest_1559385398035, line 1: SyntaxError: unexpected token: ':'
Exiting due to channel error.
[GFX1-]: Receive IPC close with reason=AbnormalShutdown
[Child 3801, Chrome_ChildThread] WARNING: pipe error: Broken pipe: file /builds/worker/workspace/build/src/ipc/chromium/src/chrome/common/ipc_channel_posix.cc, line 726
[GFX1-]: Receive IPC close with reason=AbnormalShutdown
Exiting due to channel error.
[Child 3800, Chrome_ChildThread] WARNING: pipe error: Broken pipe: file /builds/worker/workspace/build/src/ipc/chromium/src/chrome/common/ipc_channel_posix.cc, line 726
Exiting due to channel error.
console.error: BroadcastService: 
  receivedBroadcastMessage: handler for
  remote-settings/monitor_changes
  threw error:
  Message: Error: Polling for changes failed: http://%(server)s/dummy/blocklist//buckets/monitor/collections/changes/records?_expected=%221559347211037%22 is not a valid URL..
  Stack:
    remoteSettingsFunction/remoteSettings.pollChanges@resource://services-settings/remote-settings.js:203:13

1559386052830	mozrunner::runner	INFO	Running command: "/Applications/Firefox.app/Contents/MacOS/firefox-bin" "-marionette" "-foreground" "-no-remote" "-profile" "/var/folders/q2/g9qjkcd965l63y1mb9sr04s80000gp/T/rust_mozprofile.fFCc7nqH2XmP"
1559386053530	addons.webextension.screenshots@mozilla.org	WARN	Loading extension 'screenshots@mozilla.org': Reading manifest: Invalid extension permission: mozillaAddons
1559386053531	addons.webextension.screenshots@mozilla.org	WARN	Loading extension 'screenshots@mozilla.org': Reading manifest: Invalid extension permission: resource://pdf.js/
1559386053531	addons.webextension.screenshots@mozilla.org	WARN	Loading extension 'screenshots@mozilla.org': Reading manifest: Invalid extension permission: about:reader*
1559386055574	Marionette	INFO	Listening on port 57019
1559386055610	Marionette	WARN	TLS certificate errors will be ignored for this session
JavaScript error: https://deepknow.egoid.me/timeStamp?t=1559386057753&callback=geetest_1559386062838, line 1: SyntaxError: unexpected token: ':'
1559386100701	mozrunner::runner	INFO	Running command: "/Applications/Firefox.app/Contents/MacOS/firefox-bin" "-marionette" "-foreground" "-no-remote" "-profile" "/var/folders/q2/g9qjkcd965l63y1mb9sr04s80000gp/T/rust_mozprofile.IPXSFgm5tB9R"
1559386101445	addons.webextension.screenshots@mozilla.org	WARN	Loading extension 'screenshots@mozilla.org': Reading manifest: Invalid extension permission: mozillaAddons
1559386101445	addons.webextension.screenshots@mozilla.org	WARN	Loading extension 'screenshots@mozilla.org': Reading manifest: Invalid extension permission: resource://pdf.js/
1559386101445	addons.webextension.screenshots@mozilla.org	WARN	Loading extension 'screenshots@mozilla.org': Reading manifest: Invalid extension permission: about:reader*
1559386103752	Marionette	INFO	Listening on port 57312
1559386103795	Marionette	WARN	TLS certificate errors will be ignored for this session
JavaScript error: https://deepknow.egoid.me/timeStamp?t=1559386107208&callback=geetest_1559386115108, line 1: SyntaxError: unexpected token: ':'
1559386139486	mozrunner::runner	INFO	Running command: "/Applications/Firefox.app/Contents/MacOS/firefox-bin" "-marionette" "-foreground" "-no-remote" "-profile" "/var/folders/q2/g9qjkcd965l63y1mb9sr04s80000gp/T/rust_mozprofile.vdSz6gZN0kKj"
1559386140416	addons.webextension.screenshots@mozilla.org	WARN	Loading extension 'screenshots@mozilla.org': Reading manifest: Invalid extension permission: mozillaAddons
1559386140417	addons.webextension.screenshots@mozilla.org	WARN	Loading extension 'screenshots@mozilla.org': Reading manifest: Invalid extension permission: resource://pdf.js/
1559386140417	addons.webextension.screenshots@mozilla.org	WARN	Loading extension 'screenshots@mozilla.org': Reading manifest: Invalid extension permission: about:reader*
1559386142720	Marionette	INFO	Listening on port 57589
1559386142798	Marionette	WARN	TLS certificate errors will be ignored for this session
JavaScript error: https://deepknow.egoid.me/timeStamp?t=1559386144787&callback=geetest_1559386153147, line 1: SyntaxError: unexpected token: ':'
1559386182970	Marionette	INFO	Stopped listening on port 57589
1559386185399	Marionette	INFO	Stopped listening on port 57312
1559386187631	Marionette	INFO	Stopped listening on port 57019
1559386193623	Marionette	INFO	Stopped listening on port 53552
1559386315968	mozrunner::runner	INFO	Running command: "/Applications/Firefox.app/Contents/MacOS/firefox-bin" "-marionette" "-foreground" "-no-remote" "-profile" "/var/folders/q2/g9qjkcd965l63y1mb9sr04s80000gp/T/rust_mozprofile.R3qKwvDeGYP6"
1559386316593	addons.webextension.screenshots@mozilla.org	WARN	Loading extension 'screenshots@mozilla.org': Reading manifest: Invalid extension permission: mozillaAddons
1559386316593	addons.webextension.screenshots@mozilla.org	WARN	Loading extension 'screenshots@mozilla.org': Reading manifest: Invalid extension permission: resource://pdf.js/
1559386316593	addons.webextension.screenshots@mozilla.org	WARN	Loading extension 'screenshots@mozilla.org': Reading manifest: Invalid extension permission: about:reader*
1559386318622	Marionette	INFO	Listening on port 58448
1559386318671	Marionette	WARN	TLS certificate errors will be ignored for this session
JavaScript error: https://deepknow.egoid.me/timeStamp?t=1559386321620&callback=geetest_1559386327936, line 1: SyntaxError: unexpected token: ':'
1559386390452	mozrunner::runner	INFO	Running command: "/Applications/Firefox.app/Contents/MacOS/firefox-bin" "-marionette" "-foreground" "-no-remote" "-profile" "/var/folders/q2/g9qjkcd965l63y1mb9sr04s80000gp/T/rust_mozprofile.NuaFcUxvvikB"
1559386391067	addons.webextension.screenshots@mozilla.org	WARN	Loading extension 'screenshots@mozilla.org': Reading manifest: Invalid extension permission: mozillaAddons
1559386391067	addons.webextension.screenshots@mozilla.org	WARN	Loading extension 'screenshots@mozilla.org': Reading manifest: Invalid extension permission: resource://pdf.js/
1559386391067	addons.webextension.screenshots@mozilla.org	WARN	Loading extension 'screenshots@mozilla.org': Reading manifest: Invalid extension permission: about:reader*
1559386393121	Marionette	INFO	Listening on port 58869
1559386393230	Marionette	WARN	TLS certificate errors will be ignored for this session
JavaScript error: https://deepknow.egoid.me/timeStamp?t=1559386397058&callback=geetest_1559386406132, line 1: SyntaxError: unexpected token: ':'
1559386420628	mozrunner::runner	INFO	Running command: "/Applications/Firefox.app/Contents/MacOS/firefox-bin" "-marionette" "-foreground" "-no-remote" "-profile" "/var/folders/q2/g9qjkcd965l63y1mb9sr04s80000gp/T/rust_mozprofile.QMjs7rt7W3mj"
1559386421242	addons.webextension.screenshots@mozilla.org	WARN	Loading extension 'screenshots@mozilla.org': Reading manifest: Invalid extension permission: mozillaAddons
1559386421242	addons.webextension.screenshots@mozilla.org	WARN	Loading extension 'screenshots@mozilla.org': Reading manifest: Invalid extension permission: resource://pdf.js/
1559386421242	addons.webextension.screenshots@mozilla.org	WARN	Loading extension 'screenshots@mozilla.org': Reading manifest: Invalid extension permission: about:reader*
1559386424020	Marionette	INFO	Listening on port 59106
1559386424109	Marionette	WARN	TLS certificate errors will be ignored for this session
JavaScript error: https://deepknow.egoid.me/timeStamp?t=1559386426491&callback=geetest_1559386434903, line 1: SyntaxError: unexpected token: ':'
[GFX1-]: Receive IPC close with reason=AbnormalShutdown
Exiting due to channel error.
[GFX1-]: Receive IPC close with reason=AbnormalShutdown
Exiting due to channel error.
[GFX1-]: Receive IPC close with reason=AbnormalShutdown
[Child 4006, Chrome_ChildThread] WARNING: pipe error: Broken pipe: file /builds/worker/workspace/build/src/ipc/chromium/src/chrome/common/ipc_channel_posix.cc, line 726
Exiting due to channel error.
1559386577937	Marionette	INFO	Stopped listening on port 58869
1559386587580	mozrunner::runner	INFO	Running command: "/Applications/Firefox.app/Contents/MacOS/firefox-bin" "-marionette" "-foreground" "-no-remote" "-profile" "/var/folders/q2/g9qjkcd965l63y1mb9sr04s80000gp/T/rust_mozprofile.vpUGlDeBkqpU"
1559386588334	addons.webextension.screenshots@mozilla.org	WARN	Loading extension 'screenshots@mozilla.org': Reading manifest: Invalid extension permission: mozillaAddons
1559386588334	addons.webextension.screenshots@mozilla.org	WARN	Loading extension 'screenshots@mozilla.org': Reading manifest: Invalid extension permission: resource://pdf.js/
1559386588334	addons.webextension.screenshots@mozilla.org	WARN	Loading extension 'screenshots@mozilla.org': Reading manifest: Invalid extension permission: about:reader*
1559386590402	Marionette	INFO	Listening on port 59985
1559386590459	Marionette	WARN	TLS certificate errors will be ignored for this session
JavaScript error: https://deepknow.egoid.me/timeStamp?t=1559386593836&callback=geetest_1559386600574, line 1: SyntaxError: unexpected token: ':'
1559386648705	mozrunner::runner	INFO	Running command: "/Applications/Firefox.app/Contents/MacOS/firefox-bin" "-marionette" "-foreground" "-no-remote" "-profile" "/var/folders/q2/g9qjkcd965l63y1mb9sr04s80000gp/T/rust_mozprofile.hlSlFOzDslwL"
1559386649349	addons.webextension.screenshots@mozilla.org	WARN	Loading extension 'screenshots@mozilla.org': Reading manifest: Invalid extension permission: mozillaAddons
1559386649349	addons.webextension.screenshots@mozilla.org	WARN	Loading extension 'screenshots@mozilla.org': Reading manifest: Invalid extension permission: resource://pdf.js/
1559386649350	addons.webextension.screenshots@mozilla.org	WARN	Loading extension 'screenshots@mozilla.org': Reading manifest: Invalid extension permission: about:reader*
1559386651335	Marionette	INFO	Listening on port 60349
1559386651386	Marionette	WARN	TLS certificate errors will be ignored for this session
JavaScript error: https://deepknow.egoid.me/timeStamp?t=1559386654633&callback=geetest_1559386658276, line 1: SyntaxError: unexpected token: ':'
1559386704612	Marionette	INFO	Stopped listening on port 59985
1559386707180	Marionette	INFO	Stopped listening on port 60349
1559386718691	mozrunner::runner	INFO	Running command: "/Applications/Firefox.app/Contents/MacOS/firefox-bin" "-marionette" "-foreground" "-no-remote" "-profile" "/var/folders/q2/g9qjkcd965l63y1mb9sr04s80000gp/T/rust_mozprofile.F9GAzJXKI57J"
1559386719366	addons.webextension.screenshots@mozilla.org	WARN	Loading extension 'screenshots@mozilla.org': Reading manifest: Invalid extension permission: mozillaAddons
1559386719367	addons.webextension.screenshots@mozilla.org	WARN	Loading extension 'screenshots@mozilla.org': Reading manifest: Invalid extension permission: resource://pdf.js/
1559386719367	addons.webextension.screenshots@mozilla.org	WARN	Loading extension 'screenshots@mozilla.org': Reading manifest: Invalid extension permission: about:reader*
1559386721342	Marionette	INFO	Listening on port 60776
1559386721381	Marionette	WARN	TLS certificate errors will be ignored for this session
JavaScript error: https://deepknow.egoid.me/timeStamp?t=1559386724940&callback=geetest_1559386732696, line 1: SyntaxError: unexpected token: ':'
console.error: BroadcastService: 
  receivedBroadcastMessage: handler for
  remote-settings/monitor_changes
  threw error:
  Message: Error: Polling for changes failed: http://%(server)s/dummy/blocklist//buckets/monitor/collections/changes/records?_expected=%221559347211037%22 is not a valid URL..
  Stack:
    remoteSettingsFunction/remoteSettings.pollChanges@resource://services-settings/remote-settings.js:203:13

console.error: BroadcastService: 
  receivedBroadcastMessage: handler for
  remote-settings/monitor_changes
  threw error:
  Message: Error: Polling for changes failed: http://%(server)s/dummy/blocklist//buckets/monitor/collections/changes/records?_expected=%221559347211037%22 is not a valid URL..
  Stack:
    remoteSettingsFunction/remoteSettings.pollChanges@resource://services-settings/remote-settings.js:203:13

1559388825180	Marionette	INFO	Stopped listening on port 60776
1559388846899	Marionette	INFO	Stopped listening on port 58448
1561468727135	mozrunner::runner	INFO	Running command: "/Applications/Firefox.app/Contents/MacOS/firefox-bin" "-marionette" "-headless" "-foreground" "-no-remote" "-profile" "/var/folders/q2/g9qjkcd965l63y1mb9sr04s80000gp/T/rust_mozprofile.IEFOltrd6bvK"
*** You are running in headless mode.
1561468728086	addons.webextension.screenshots@mozilla.org	WARN	Loading extension 'screenshots@mozilla.org': Reading manifest: Invalid extension permission: mozillaAddons
1561468728086	addons.webextension.screenshots@mozilla.org	WARN	Loading extension 'screenshots@mozilla.org': Reading manifest: Invalid extension permission: resource://pdf.js/
1561468728086	addons.webextension.screenshots@mozilla.org	WARN	Loading extension 'screenshots@mozilla.org': Reading manifest: Invalid extension permission: about:reader*
1561468730196	Marionette	INFO	Listening on port 50622
1561468730267	Marionette	WARN	TLS certificate errors will be ignored for this session
JavaScript warning: https://static.geetest.com/static/js/sense.1.2.6.js, line 1: Error: WebGL warning: <SetDimensions>: Can't use WebGL in headless mode (https://bugzil.la/1375585).
JavaScript warning: https://static.geetest.com/static/js/sense.1.2.6.js, line 1: Error: WebGL warning: <SetDimensions>: Failed to create WebGL context: WebGL creation failed: 
* Can't use WebGL in headless mode (https://bugzil.la/1375585).
JavaScript warning: https://static.geetest.com/static/js/sense.1.2.6.js, line 1: Error: WebGL warning: <SetDimensions>: Can't use WebGL in headless mode (https://bugzil.la/1375585).
JavaScript warning: https://static.geetest.com/static/js/sense.1.2.6.js, line 1: Error: WebGL warning: <SetDimensions>: Failed to create WebGL context: WebGL creation failed: 
* Can't use WebGL in headless mode (https://bugzil.la/1375585).
Exiting due to channel error.
Exiting due to channel error.
[GFX1-]: Receive IPC close with reason=AbnormalShutdown
Exiting due to channel error.
1598362446056	mozrunner::runner	INFO	Running command: "/Applications/Firefox.app/Contents/MacOS/firefox-bin" "-marionette" "-foreground" "-no-remote" "-profile" "/var/folders/q2/g9qjkcd965l63y1mb9sr04s80000gp/T/rust_mozprofile.1teZSUTInqEF"
1598362448349	addons.webextension.doh-rollout@mozilla.org	WARN	Loading extension 'doh-rollout@mozilla.org': Reading manifest: Invalid extension permission: networkStatus
1598362448707	addons.webextension.screenshots@mozilla.org	WARN	Loading extension 'screenshots@mozilla.org': Reading manifest: Invalid extension permission: mozillaAddons
1598362448708	addons.webextension.screenshots@mozilla.org	WARN	Loading extension 'screenshots@mozilla.org': Reading manifest: Invalid extension permission: telemetry
1598362448708	addons.webextension.screenshots@mozilla.org	WARN	Loading extension 'screenshots@mozilla.org': Reading manifest: Invalid extension permission: resource://pdf.js/
1598362448708	addons.webextension.screenshots@mozilla.org	WARN	Loading extension 'screenshots@mozilla.org': Reading manifest: Invalid extension permission: about:reader*
1598362451414	Marionette	INFO	Listening on port 49620
1598362451458	Marionette	WARN	TLS certificate errors will be ignored for this session
JavaScript error: resource://gre/modules/NetworkGeolocationProvider.jsm, line 555: TypeError: xhr.response.location is undefined
[GFX1-]: Receive IPC close with reason=AbnormalShutdown
[GFX1-]: Receive IPC close with reason=AbnormalShutdown
Exiting due to channel error.
[GFX1-]: Receive IPC close with reason=AbnormalShutdown
Exiting due to channel error.
Exiting due to channel error.
Exiting due to channel error.
1598362567555	mozrunner::runner	INFO	Running command: "/Applications/Firefox.app/Contents/MacOS/firefox-bin" "-marionette" "-foreground" "-no-remote" "-profile" "/var/folders/q2/g9qjkcd965l63y1mb9sr04s80000gp/T/rust_mozprofile.0hf8IO6FRFkd"
1598362568150	addons.webextension.doh-rollout@mozilla.org	WARN	Loading extension 'doh-rollout@mozilla.org': Reading manifest: Invalid extension permission: networkStatus
1598362568529	addons.webextension.screenshots@mozilla.org	WARN	Loading extension 'screenshots@mozilla.org': Reading manifest: Invalid extension permission: mozillaAddons
1598362568529	addons.webextension.screenshots@mozilla.org	WARN	Loading extension 'screenshots@mozilla.org': Reading manifest: Invalid extension permission: telemetry
1598362568530	addons.webextension.screenshots@mozilla.org	WARN	Loading extension 'screenshots@mozilla.org': Reading manifest: Invalid extension permission: resource://pdf.js/
1598362568530	addons.webextension.screenshots@mozilla.org	WARN	Loading extension 'screenshots@mozilla.org': Reading manifest: Invalid extension permission: about:reader*
1598362571002	Marionette	INFO	Listening on port 49763
1598362571071	Marionette	WARN	TLS certificate errors will be ignored for this session
[GFX1-]: Receive IPC close with reason=AbnormalShutdown
Exiting due to channel error.
[GFX1-]: Receive IPC close with reason=AbnormalShutdown
Exiting due to channel error.
Exiting due to channel error.
