1561474935139	mozrunner::runner	INFO	Running command: "/Applications/Firefox.app/Contents/MacOS/firefox-bin" "-marionette" "-headless" "-foreground" "-no-remote" "-profile" "/var/folders/q2/g9qjkcd965l63y1mb9sr04s80000gp/T/rust_mozprofile.lkRlm2zb7wfO"
*** You are running in headless mode.
1561474935754	addons.webextension.screenshots@mozilla.org	WARN	Loading extension 'screenshots@mozilla.org': Reading manifest: Invalid extension permission: mozillaAddons
1561474935754	addons.webextension.screenshots@mozilla.org	WARN	Loading extension 'screenshots@mozilla.org': Reading manifest: Invalid extension permission: resource://pdf.js/
1561474935754	addons.webextension.screenshots@mozilla.org	WARN	Loading extension 'screenshots@mozilla.org': Reading manifest: Invalid extension permission: about:reader*
1561474937586	Marionette	INFO	Listening on port 59312
1561474937602	Marionette	WARN	TLS certificate errors will be ignored for this session
JavaScript warning: https://www.qichacha.com/material/theme/chacha/cms/v2/js/jquery.min.js, line 2: Using //@ to indicate sourceMappingURL pragmas is deprecated. Use //# instead
JavaScript warning: https://g.alicdn.com/AWSC/WebUMID/1.72.0/um.js?d=25, line 3: Error: WebGL warning: <SetDimensions>: Can't use WebGL in headless mode (https://bugzil.la/1375585).
JavaScript warning: https://g.alicdn.com/AWSC/WebUMID/1.72.0/um.js?d=25, line 3: Error: WebGL warning: <SetDimensions>: Failed to create WebGL context: WebGL creation failed: 
* Can't use WebGL in headless mode (https://bugzil.la/1375585).
JavaScript warning: https://g.alicdn.com/AWSC/WebUMID/1.72.0/um.js?d=25, line 1: Error: WebGL warning: <SetDimensions>: Can't use WebGL in headless mode (https://bugzil.la/1375585).
JavaScript warning: https://g.alicdn.com/AWSC/WebUMID/1.72.0/um.js?d=25, line 1: Error: WebGL warning: <SetDimensions>: Failed to create WebGL context: WebGL creation failed: 
* Can't use WebGL in headless mode (https://bugzil.la/1375585).
JavaScript warning: https://g.alicdn.com/AWSC/WebUMID/1.72.0/um.js?d=25, line 10: Error: WebGL warning: <SetDimensions>: Can't use WebGL in headless mode (https://bugzil.la/1375585).
JavaScript warning: https://g.alicdn.com/AWSC/WebUMID/1.72.0/um.js?d=25, line 10: Error: WebGL warning: <SetDimensions>: Failed to create WebGL context: WebGL creation failed: 
* Can't use WebGL in headless mode (https://bugzil.la/1375585).
JavaScript warning: https://g.alicdn.com/AWSC/WebUMID/1.72.0/um.js?d=25, line 10: Error: WebGL warning: <SetDimensions>: Can't use WebGL in headless mode (https://bugzil.la/1375585).
JavaScript warning: https://g.alicdn.com/AWSC/WebUMID/1.72.0/um.js?d=25, line 10: Error: WebGL warning: <SetDimensions>: Failed to create WebGL context: WebGL creation failed: 
* Can't use WebGL in headless mode (https://bugzil.la/1375585).
JavaScript warning: https://g.alicdn.com/AWSC/WebUMID/1.72.0/um.js?d=25, line 3: Error: WebGL warning: <SetDimensions>: Can't use WebGL in headless mode (https://bugzil.la/1375585).
JavaScript warning: https://g.alicdn.com/AWSC/WebUMID/1.72.0/um.js?d=25, line 3: Error: WebGL warning: <SetDimensions>: Failed to create WebGL context: WebGL creation failed: 
* Can't use WebGL in headless mode (https://bugzil.la/1375585).
JavaScript warning: https://g.alicdn.com/AWSC/WebUMID/1.72.0/um.js?d=25, line 1: Error: WebGL warning: <SetDimensions>: Can't use WebGL in headless mode (https://bugzil.la/1375585).
JavaScript warning: https://g.alicdn.com/AWSC/WebUMID/1.72.0/um.js?d=25, line 1: Error: WebGL warning: <SetDimensions>: Failed to create WebGL context: WebGL creation failed: 
* Can't use WebGL in headless mode (https://bugzil.la/1375585).
JavaScript warning: https://g.alicdn.com/AWSC/WebUMID/1.72.0/um.js?d=25, line 10: Error: WebGL warning: <SetDimensions>: Can't use WebGL in headless mode (https://bugzil.la/1375585).
JavaScript warning: https://g.alicdn.com/AWSC/WebUMID/1.72.0/um.js?d=25, line 10: Error: WebGL warning: <SetDimensions>: Failed to create WebGL context: WebGL creation failed: 
* Can't use WebGL in headless mode (https://bugzil.la/1375585).
JavaScript warning: https://g.alicdn.com/AWSC/WebUMID/1.72.0/um.js?d=25, line 10: Error: WebGL warning: <SetDimensions>: Can't use WebGL in headless mode (https://bugzil.la/1375585).
JavaScript warning: https://g.alicdn.com/AWSC/WebUMID/1.72.0/um.js?d=25, line 10: Error: WebGL warning: <SetDimensions>: Failed to create WebGL context: WebGL creation failed: 
* Can't use WebGL in headless mode (https://bugzil.la/1375585).
1561474982306	mozrunner::runner	INFO	Running command: "/Applications/Firefox.app/Contents/MacOS/firefox-bin" "-marionette" "-foreground" "-no-remote" "-profile" "/var/folders/q2/g9qjkcd965l63y1mb9sr04s80000gp/T/rust_mozprofile.7YLIYS4uyW5b"
1561474983031	addons.webextension.screenshots@mozilla.org	WARN	Loading extension 'screenshots@mozilla.org': Reading manifest: Invalid extension permission: mozillaAddons
1561474983031	addons.webextension.screenshots@mozilla.org	WARN	Loading extension 'screenshots@mozilla.org': Reading manifest: Invalid extension permission: resource://pdf.js/
1561474983032	addons.webextension.screenshots@mozilla.org	WARN	Loading extension 'screenshots@mozilla.org': Reading manifest: Invalid extension permission: about:reader*
1561474985219	Marionette	INFO	Listening on port 59392
1561474985302	Marionette	WARN	TLS certificate errors will be ignored for this session
JavaScript warning: https://www.qichacha.com/material/theme/chacha/cms/v2/js/jquery.min.js, line 2: Using //@ to indicate sourceMappingURL pragmas is deprecated. Use //# instead
JavaScript warning: https://www.qichacha.com/material/theme/chacha/cms/v2/js/jquery.min.js, line 2: Using //@ to indicate sourceMappingURL pragmas is deprecated. Use //# instead
JavaScript warning: https://www.qichacha.com/material/theme/chacha/cms/v2/js/jquery.min.js, line 2: Using //@ to indicate sourceMappingURL pragmas is deprecated. Use //# instead
JavaScript warning: https://www.qichacha.com/material/theme/chacha/cms/v2/js/jquery.min.js, line 2: Using //@ to indicate sourceMappingURL pragmas is deprecated. Use //# instead
[Child 2295, Chrome_ChildThread] WARNING: pipe error: Broken pipe: file /builds/worker/workspace/build/src/ipc/chromium/src/chrome/common/ipc_channel_posix.cc, line 726
1561475199515	Marionette	INFO	Stopped listening on port 59392
1561475203612	mozrunner::runner	INFO	Running command: "/Applications/Firefox.app/Contents/MacOS/firefox-bin" "-marionette" "-foreground" "-no-remote" "-profile" "/var/folders/q2/g9qjkcd965l63y1mb9sr04s80000gp/T/rust_mozprofile.clvHvKwo2FvY"
1561475204379	addons.webextension.screenshots@mozilla.org	WARN	Loading extension 'screenshots@mozilla.org': Reading manifest: Invalid extension permission: mozillaAddons
1561475204380	addons.webextension.screenshots@mozilla.org	WARN	Loading extension 'screenshots@mozilla.org': Reading manifest: Invalid extension permission: resource://pdf.js/
1561475204380	addons.webextension.screenshots@mozilla.org	WARN	Loading extension 'screenshots@mozilla.org': Reading manifest: Invalid extension permission: about:reader*
1561475206560	Marionette	INFO	Listening on port 59626
1561475206600	Marionette	WARN	TLS certificate errors will be ignored for this session
JavaScript warning: https://www.qichacha.com/material/theme/chacha/cms/v2/js/jquery.min.js, line 2: Using //@ to indicate sourceMappingURL pragmas is deprecated. Use //# instead
1561475260308	Marionette	INFO	Stopped listening on port 59626
Exiting due to channel error.
[GFX1-]: Receive IPC close with reason=AbnormalShutdown
[GFX1-]: Receive IPC close with reason=AbnormalShutdown
Exiting due to channel error.
Exiting due to channel error.
